LatinCore rev. unknown 1970-01-01 00:00:00 +0000 (Archived branch) (Win64, RelWithDebInfo, Static) (bnetserver)
<Ctrl-C> to stop.

██║      █████╗ ████████╗██╗██╗    ██╗
██║     ██╔══██╗╚══██╔══╝██║████╗  ██║
██║     ███████║   ██║   ██║██║██╗ ██║
██║     ██╔══██║   ██║   ██║██║ █████║
███████╗██║  ██║   ██║   ██║██║   ███║
╚══════╝╚═╝  ╚═╝   ╚═╝   ╚═╝╚═╝    ╚═╝
                      ██████╗ ██████╗ ██████╗ ███████╗
                     ██╔════╝██╔═══██╗██╔══██╗██╔════╝
                     ██║     ██║   ██║██████╔╝█████╗
                     ██║     ██║   ██║██╔══██╗██╔══╝
                     ╚██████╗╚██████╔╝██║  ██║███████╗
                      ╚═════╝  ╚════╝ ╚═╝  ╚═╝╚══════╝
                                      ████████╗███████╗ █████╗ ███╗   ███╗
                                      ╚══██╔══╝██╔════╝██╔══██╗████╗ ████║
                                         ██║   █████╗  ███████║██╔████╔██║
                                         ██║   ██╔══╝  ██╔══██║██║╚██╔╝██║
                                         ██║   ███████╗██║  ██║██║ ╚═╝ ██║
LatinCoreBFA                             ╚═╝   ╚══════╝╚═╝  ╚═╝╚═╝     ╚═╝ ®
Using configuration file D:/Server WoW/bnetserver.conf.
Using SSL version: OpenSSL 1.1.1f  31 Mar 2020 (library: OpenSSL 1.1.1f  31 Mar 2020)
Using Boost version: 1.66.0
Automatic database updates are disabled for all databases!
Opening DatabasePool 'auth'. Asynchronous connections: 1, synchronous connections: 1.
MySQL client library: 5.6.47
MySQL server ver: 5.6.47 
Connected to MySQL database at 127.0.0.1
MySQL client library: 5.6.47
MySQL server ver: 5.6.47 
Connected to MySQL database at 127.0.0.1
DatabasePool 'auth' opened successfully. 2 total connections running.
Started auth database connection pool.
Updating password hashes...
>> No password hashes to update - this took us 0 ms to realize
Loading IP Location Database...
Login service bound to http://0.0.0.0:8081
Added realm "Black Empire" at 127.0.0.1:8085.
